Build started 12/10/2015 2:57:45 PM.
     1>Project "C:\Users\155135S\Desktop\Scene5(10 dec)\Scene5(10 dec)\MyGraphics\MyGraphics\MyGraphics.vcxproj" on node 2 (Build target(s)).
     1>ClCompile:
         C:\Program Files (x86)\Microsoft Visual Studio 12.0\VC\bin\CL.exe /c /I"C:\Users\155135S\Desktop\Scene5(10 dec)\Scene5(10 dec)\MyGraphics\\glew\include" /I"C:\Users\155135S\Desktop\Scene5(10 dec)\Scene5(10 dec)\MyGraphics\\glfw\include" /I"C:\Users\155135S\Desktop\Scene5(10 dec)\Scene5(10 dec)\MyGraphics\\Common\Source" /ZI /nologo /W3 /WX- /sdl /Od /Oy- /D WIN32 /D _DEBUG /D _CONSOLE /D _LIB /D _UNICODE /D UNICODE /Gm /EHsc /RTC1 /MDd /GS /fp:precise /Zc:wchar_t /Zc:forScope /Fo"Debug\\" /Fd"Debug\vc120.pdb" /Gd /TP /analyze- /errorReport:prompt source\Assignment2.cpp
         Assignment2.cpp
     1>c:\users\155135s\desktop\scene5(10 dec)\scene5(10 dec)\mygraphics\mygraphics\source\material.h(40): warning C4305: 'argument' : truncation from 'double' to 'float'
     1>c:\users\155135s\desktop\scene5(10 dec)\scene5(10 dec)\mygraphics\mygraphics\source\material.h(41): warning C4305: 'argument' : truncation from 'double' to 'float'
     1>c:\users\155135s\desktop\scene5(10 dec)\scene5(10 dec)\mygraphics\mygraphics\source\material.h(42): warning C4305: 'argument' : truncation from 'double' to 'float'
     1>c:\users\155135s\desktop\scene5(10 dec)\scene5(10 dec)\mygraphics\mygraphics\source\light.h(41): warning C4244: 'argument' : conversion from 'int' to 'float', possible loss of data
     1>c:\users\155135s\desktop\scene5(10 dec)\scene5(10 dec)\mygraphics\mygraphics\source\light.h(42): warning C4244: 'argument' : conversion from 'int' to 'float', possible loss of data
     1>c:\users\155135s\desktop\scene5(10 dec)\scene5(10 dec)\mygraphics\mygraphics\source\assignment2.cpp(96): warning C4244: 'argument' : conversion from 'int' to 'float', possible loss of data
     1>c:\users\155135s\desktop\scene5(10 dec)\scene5(10 dec)\mygraphics\mygraphics\source\assignment2.cpp(98): warning C4305: 'argument' : truncation from 'double' to 'float'
     1>c:\users\155135s\desktop\scene5(10 dec)\scene5(10 dec)\mygraphics\mygraphics\source\assignment2.cpp(105): warning C4305: '=' : truncation from 'double' to 'float'
     1>c:\users\155135s\desktop\scene5(10 dec)\scene5(10 dec)\mygraphics\mygraphics\source\assignment2.cpp(112): warning C4305: '=' : truncation from 'double' to 'float'
     1>c:\users\155135s\desktop\scene5(10 dec)\scene5(10 dec)\mygraphics\mygraphics\source\assignment2.cpp(116): warning C4305: 'argument' : truncation from 'double' to 'float'
     1>c:\users\155135s\desktop\scene5(10 dec)\scene5(10 dec)\mygraphics\mygraphics\source\assignment2.cpp(118): warning C4305: '=' : truncation from 'double' to 'float'
     1>c:\users\155135s\desktop\scene5(10 dec)\scene5(10 dec)\mygraphics\mygraphics\source\assignment2.cpp(121): warning C4305: 'argument' : truncation from 'double' to 'float'
     1>c:\users\155135s\desktop\scene5(10 dec)\scene5(10 dec)\mygraphics\mygraphics\source\assignment2.cpp(123): warning C4305: 'argument' : truncation from 'double' to 'float'
     1>c:\users\155135s\desktop\scene5(10 dec)\scene5(10 dec)\mygraphics\mygraphics\source\assignment2.cpp(125): warning C4305: '=' : truncation from 'double' to 'float'
     1>c:\users\155135s\desktop\scene5(10 dec)\scene5(10 dec)\mygraphics\mygraphics\source\assignment2.cpp(128): warning C4305: 'argument' : truncation from 'double' to 'float'
     1>c:\users\155135s\desktop\scene5(10 dec)\scene5(10 dec)\mygraphics\mygraphics\source\assignment2.cpp(130): warning C4305: 'argument' : truncation from 'double' to 'float'
     1>c:\users\155135s\desktop\scene5(10 dec)\scene5(10 dec)\mygraphics\mygraphics\source\assignment2.cpp(132): warning C4305: '=' : truncation from 'double' to 'float'
     1>c:\users\155135s\desktop\scene5(10 dec)\scene5(10 dec)\mygraphics\mygraphics\source\assignment2.cpp(137): warning C4305: 'argument' : truncation from 'double' to 'float'
     1>c:\users\155135s\desktop\scene5(10 dec)\scene5(10 dec)\mygraphics\mygraphics\source\assignment2.cpp(139): warning C4305: '=' : truncation from 'double' to 'float'
     1>c:\users\155135s\desktop\scene5(10 dec)\scene5(10 dec)\mygraphics\mygraphics\source\assignment2.cpp(144): warning C4305: 'argument' : truncation from 'double' to 'float'
     1>c:\users\155135s\desktop\scene5(10 dec)\scene5(10 dec)\mygraphics\mygraphics\source\assignment2.cpp(146): warning C4305: '=' : truncation from 'double' to 'float'
     1>c:\users\155135s\desktop\scene5(10 dec)\scene5(10 dec)\mygraphics\mygraphics\source\assignment2.cpp(151): warning C4305: 'argument' : truncation from 'double' to 'float'
     1>c:\users\155135s\desktop\scene5(10 dec)\scene5(10 dec)\mygraphics\mygraphics\source\assignment2.cpp(153): warning C4305: '=' : truncation from 'double' to 'float'
     1>c:\users\155135s\desktop\scene5(10 dec)\scene5(10 dec)\mygraphics\mygraphics\source\assignment2.cpp(158): warning C4305: 'argument' : truncation from 'double' to 'float'
     1>c:\users\155135s\desktop\scene5(10 dec)\scene5(10 dec)\mygraphics\mygraphics\source\assignment2.cpp(160): warning C4305: '=' : truncation from 'double' to 'float'
     1>c:\users\155135s\desktop\scene5(10 dec)\scene5(10 dec)\mygraphics\mygraphics\source\assignment2.cpp(165): warning C4305: 'argument' : truncation from 'double' to 'float'
     1>c:\users\155135s\desktop\scene5(10 dec)\scene5(10 dec)\mygraphics\mygraphics\source\assignment2.cpp(167): warning C4305: '=' : truncation from 'double' to 'float'
     1>c:\users\155135s\desktop\scene5(10 dec)\scene5(10 dec)\mygraphics\mygraphics\source\assignment2.cpp(172): warning C4305: 'argument' : truncation from 'double' to 'float'
     1>c:\users\155135s\desktop\scene5(10 dec)\scene5(10 dec)\mygraphics\mygraphics\source\assignment2.cpp(174): warning C4305: '=' : truncation from 'double' to 'float'
     1>c:\users\155135s\desktop\scene5(10 dec)\scene5(10 dec)\mygraphics\mygraphics\source\assignment2.cpp(181): warning C4305: '=' : truncation from 'double' to 'float'
     1>c:\users\155135s\desktop\scene5(10 dec)\scene5(10 dec)\mygraphics\mygraphics\source\assignment2.cpp(281): warning C4244: '-=' : conversion from 'double' to 'float', possible loss of data
     1>c:\users\155135s\desktop\scene5(10 dec)\scene5(10 dec)\mygraphics\mygraphics\source\assignment2.cpp(287): warning C4244: '+=' : conversion from 'double' to 'float', possible loss of data
     1>c:\users\155135s\desktop\scene5(10 dec)\scene5(10 dec)\mygraphics\mygraphics\source\assignment2.cpp(432): warning C4305: 'argument' : truncation from 'double' to 'float'
     1>c:\users\155135s\desktop\scene5(10 dec)\scene5(10 dec)\mygraphics\mygraphics\source\assignment2.cpp(502): warning C4305: 'argument' : truncation from 'double' to 'float'
     1>c:\users\155135s\desktop\scene5(10 dec)\scene5(10 dec)\mygraphics\mygraphics\source\assignment2.cpp(525): warning C4305: 'argument' : truncation from 'double' to 'float'
     1>c:\users\155135s\desktop\scene5(10 dec)\scene5(10 dec)\mygraphics\mygraphics\source\assignment2.cpp(593): warning C4305: 'argument' : truncation from 'double' to 'float'
     1>c:\users\155135s\desktop\scene5(10 dec)\scene5(10 dec)\mygraphics\mygraphics\source\assignment2.cpp(616): warning C4305: 'argument' : truncation from 'double' to 'float'
       Link:
         C:\Program Files (x86)\Microsoft Visual Studio 12.0\VC\bin\link.exe /ERRORREPORT:PROMPT /OUT:"C:\Users\155135S\Desktop\Scene5(10 dec)\Scene5(10 dec)\MyGraphics\Debug\MyGraphics.exe" /INCREMENTAL /NOLOGO /LIBPATH:"C:\Users\155135S\Desktop\Scene5(10 dec)\Scene5(10 dec)\MyGraphics\\glew\lib" /LIBPATH:"C:\Users\155135S\Desktop\Scene5(10 dec)\Scene5(10 dec)\MyGraphics\\glfw\lib-msvc120" /LIBPATH:"C:\Users\155135S\Desktop\Scene5(10 dec)\Scene5(10 dec)\MyGraphics\Debug" glew32.lib glfw3.lib opengl32.lib winmm.lib Common.lib kernel32.lib user32.lib gdi32.lib winspool.lib comdlg32.lib advapi32.lib shell32.lib ole32.lib oleaut32.lib uuid.lib odbc32.lib odbccp32.lib /MANIFEST /MANIFESTUAC:"level='asInvoker' uiAccess='false'" /manifest:embed /DEBUG /PDB:"C:\Users\155135S\Desktop\Scene5(10 dec)\Scene5(10 dec)\MyGraphics\Debug\MyGraphics.pdb" /SUBSYSTEM:CONSOLE /TLBID:1 /DYNAMICBASE /NXCOMPAT /IMPLIB:"C:\Users\155135S\Desktop\Scene5(10 dec)\Scene5(10 dec)\MyGraphics\Debug\MyGraphics.lib" /MACHINE:X86 Debug\Application.obj
         Debug\Assignment1.obj
         Debug\Assignment2.obj
         Debug\Camera.obj
         Debug\Camera2.obj
         Debug\main.obj
         Debug\Mesh.obj
         Debug\MeshBuilder.obj
         Debug\Scene1.obj
         Debug\Scene2.obj
         Debug\Scene3.obj
         Debug\Scene4.obj
         Debug\SceneLight.obj
         Debug\Scenelight2.obj
         Debug\shader.obj
         Debug\Utility.obj
         MyGraphics.vcxproj -> C:\Users\155135S\Desktop\Scene5(10 dec)\Scene5(10 dec)\MyGraphics\Debug\MyGraphics.exe
     1>Done Building Project "C:\Users\155135S\Desktop\Scene5(10 dec)\Scene5(10 dec)\MyGraphics\MyGraphics\MyGraphics.vcxproj" (Build target(s)).

Build succeeded.

Time Elapsed 00:00:01.21
